0000:                      -- # Sequence 0
0000:                      -- begin
0000: 031AB80B2F192E1838178017FA1B0000000000000000000000000000 --   3000 6447 6190 5944 6016 7162 0 
001C: 80                   --   0 0 0 0 0 0 frame_0..11 # neutral
001D: 0306DC051F1CF41C81   --   1500 7199 7412 frame_1_2 # look L
0026: 0308D00700164011071182 --   2000 5632 4416 4359 frame_0..2 # Look R, lift up
0031: 030EF401751A401F9D1540144018401F83 --   500 6773 8000 5533 5184 6208 8000 frame_0..5 # down caw
0042: 030EDC054619491A0B1B85165B1C000083 --   1500 6470 6729 6923 5765 7259 0 frame_0..5 # close
0053: 030CE803751A401F52134014401884 --   1000 6773 8000 4946 5184 6208 frame_0..4 # caw again
0062: 030CE80375181012A0138017191C84 --   1000 6261 4624 5024 6016 7193 frame_0..4 # look R,body neutral
0071: 030ADC0565174419A61CD31585 --   1500 5989 6468 7334 5587 frame_0..3 # look L, wing up
007E: 030AC4090016B7141316801785 --   2500 5632 5303 5651 6016 frame_0..3 # body up, wing down
008B: 030CF4017D19401F8D134014401884 --   500 6525 8000 5005 5184 6208 frame_0..4 # caw
009A: 030CD007A3179B19441C8017801C84 --   2000 6051 6555 7236 6016 7296 frame_0..4 # close
00A9: 060000               -- repeat
00AC:                      -- 
00AC:                      -- sub frame_0..11
00AC: 020B2A               --   11 servo
00AF: 020A2A               --   10 servo
00B2: 02092A               --   9 servo
00B5: 02082A               --   8 servo
00B8: 02072A               --   7 servo
00BB: 02062A               --   6 servo
00BE: 02052A               --   5 servo
00C1: 02042A               --   4 servo
00C4: 02032A               --   3 servo
00C7: 02022A               --   2 servo
00CA: 02012A               --   1 servo
00CD: 02002A               --   0 servo
00D0: 08                   --   delay
00D1: 05                   --   return
00D2:                      -- 
00D2:                      -- sub frame_1_2
00D2: 02022A               --   2 servo
00D5: 02012A               --   1 servo
00D8: 08                   --   delay
00D9: 05                   --   return
00DA:                      -- 
00DA:                      -- sub frame_0..2
00DA: 02022A               --   2 servo
00DD: 02012A               --   1 servo
00E0: 02002A               --   0 servo
00E3: 08                   --   delay
00E4: 05                   --   return
00E5:                      -- 
00E5:                      -- sub frame_0..5
00E5: 02052A               --   5 servo
00E8: 02042A               --   4 servo
00EB: 02032A               --   3 servo
00EE: 02022A               --   2 servo
00F1: 02012A               --   1 servo
00F4: 02002A               --   0 servo
00F7: 08                   --   delay
00F8: 05                   --   return
00F9:                      -- 
00F9:                      -- sub frame_0..4
00F9: 02042A               --   4 servo
00FC: 02032A               --   3 servo
00FF: 02022A               --   2 servo
0102: 02012A               --   1 servo
0105: 02002A               --   0 servo
0108: 08                   --   delay
0109: 05                   --   return
010A:                      -- 
010A:                      -- sub frame_0..3
010A: 02032A               --   3 servo
010D: 02022A               --   2 servo
0110: 02012A               --   1 servo
0113: 02002A               --   0 servo
0116: 08                   --   delay
0117: 05                   --   return

Subroutines:
Hex Decimal Address Name
00  000     00AC    FRAME_0..11
01  001     00D2    FRAME_1_2
02  002     00DA    FRAME_0..2
03  003     00E5    FRAME_0..5
04  004     00F9    FRAME_0..4
05  005     010A    FRAME_0..3
