0000:                      -- # SUB 0
0000:                      -- sub frame_0..11
0000: 020B2A               --   11 servo
0003: 020A2A               --   10 servo
0006: 02092A               --   9 servo
0009: 02082A               --   8 servo
000C: 02072A               --   7 servo
000F: 02062A               --   6 servo
0012: 02052A               --   5 servo
0015: 02042A               --   4 servo
0018: 02032A               --   3 servo
001B: 02022A               --   2 servo
001E: 02012A               --   1 servo
0021: 02002A               --   0 servo
0024: 08                   --   delay
0025: 05                   --   return
0026:                      -- 
0026:                      -- # SUB 1
0026:                      -- sub frame_1_2
0026: 02022A               --   2 servo
0029: 02012A               --   1 servo
002C: 08                   --   delay
002D: 05                   --   return
002E:                      -- 
002E:                      -- # SUB 2
002E:                      -- sub frame_0..2
002E: 02022A               --   2 servo
0031: 02012A               --   1 servo
0034: 02002A               --   0 servo
0037: 08                   --   delay
0038: 05                   --   return
0039:                      -- 
0039:                      -- # SUB 3
0039:                      -- sub frame_0..4
0039: 02042A               --   4 servo
003C: 02032A               --   3 servo
003F: 02022A               --   2 servo
0042: 02012A               --   1 servo
0045: 02002A               --   0 servo
0048: 08                   --   delay
0049: 05                   --   return
004A:                      -- 
004A:                      -- # SUB 4
004A:                      -- sub frame_0..3
004A: 02032A               --   3 servo
004D: 02022A               --   2 servo
0050: 02012A               --   1 servo
0053: 02002A               --   0 servo
0056: 08                   --   delay
0057: 05                   --   return
0058:                      -- 
0058:                      -- # SUB 5
0058:                      -- sub start_ani
0058:                      --   begin
0058: 031AB80B2F192E1838178017FA1B0000000000000000000000000000 --     3000 6447 6190 5944 6016 7162 0 
0074: 80                   --     0 0 0 0 0 0 frame_0..11 # neutral
0075: 0306DC051F1CF41C81   --     1500 7199 7412 frame_1_2 # look L
007E: 0308D00700164011071182 --     2000 5632 4416 4359 frame_0..2 # Look R, lift up
0089: 030CF401751A401F9D154014401883 --     500 6773 8000 5533 5184 6208 frame_0..4 # down caw
0098: 030CDC054619491A0B1B85165B1C83 --     1500 6470 6729 6923 5765 7259 frame_0..4 # close
00A7: 030CE803751A401F52134014401883 --     1000 6773 8000 4946 5184 6208 frame_0..4 # caw again
00B6: 030CE80375181012A0138017191C83 --     1000 6261 4624 5024 6016 7193 frame_0..4 # look R,body neutral
00C5: 030ADC0565174419A61CD31584 --     1500 5989 6468 7334 5587 frame_0..3 # look L, wing up
00D2: 030AC4090016B7141316801784 --     2500 5632 5303 5651 6016 frame_0..3 # body up, wing down
00DF: 030CF4017D19401F8D134014401883 --     500 6525 8000 5005 5184 6208 frame_0..4 # caw
00EE: 030CD007A3179B19441C8017801C83 --     2000 6051 6555 7236 6016 7296 frame_0..4 # close
00FD: 065800               --   repeat
0100: 05                   --   return
0101:                      -- 
0101:                      -- # SUB 6
0101:                      -- sub start_simp
0101: 031AB80B2F192E1838178017FA1B000000000000000000000000000080 --   3000 6447 6190 5944 6016 7162 0 0 0 0 0 0 0 frame_0..11 # neutral
011E: 0306DC051F1CF41C81   --   1500 7199 7412 frame_1_2 # look L
0127: 0308D00700164011071182 --   2000 5632 4416 4359 frame_0..2 # Look R, lift up
0132: 030CF401751A401F9D154014401883 --   500 6773 8000 5533 5184 6208 frame_0..4 # down caw
0141:                      -- 
0141:                      --   # Send txt 'caw1', have to load it backwords due to programming language
0141: 04050A317761633535353535 --   0x0A 0x31 0x77 0x61 0x63 serial_send_byte serial_send_byte serial_send_byte serial_send_byte serial_send_byte
014D:                      -- 
014D: 030CDC054619491A0B1B85165B1C83 --   1500 6470 6729 6923 5765 7259 frame_0..4 # close
015C:                      -- 
015C: 030CF401751A401F52134014401883 --   500 6773 8000 4946 5184 6208 frame_0..4 # caw again
016B:                      --   
016B:                      --   # Send txt 'caw2', have to load it backwords due to programming language
016B: 04050A327761633535353535 --   0x0A 0x32 0x77 0x61 0x63 serial_send_byte serial_send_byte serial_send_byte serial_send_byte serial_send_byte
0177:                      -- 
0177: 01F40108             --   500 delay
017B:                      -- 
017B: 030CE80375181012A0138017191C83 --   1000 6261 4624 5024 6016 7193 frame_0..4 # look R,body neutral
018A: 030ADC0565174419A61CD31584 --   1500 5989 6468 7334 5587 frame_0..3 # look L, wing up
0197: 030AC4090016B7141316801784 --   2500 5632 5303 5651 6016 frame_0..3 # body up, wing down
01A4:                      -- 
01A4: 030CF4017D19401F8D134014401883 --   500 6525 8000 5005 5184 6208 frame_0..4 # caw
01B3:                      -- 
01B3:                      --   # Send txt 'caw2', have to load it backwords due to programming language
01B3: 04050A327761633535353535 --   0x0A 0x32 0x77 0x61 0x63 serial_send_byte serial_send_byte serial_send_byte serial_send_byte serial_send_byte
01BF:                      -- 
01BF: 030CD007A3179B19441C8017801C83 --   2000 6051 6555 7236 6016 7296 frame_0..4 # close
01CE: 05                   --   return
01CF:                      -- 
01CF:                      -- # SUB 7
01CF:                      -- sub ani_and_audio_rep
01CF:                      --   begin
01CF: 031AB80B2F192E1838178017FA1B0000000000000000000000000000 --     3000 6447 6190 5944 6016 7162 0 
01EB: 80                   --     0 0 0 0 0 0 frame_0..11 # neutral
01EC: 0306DC051F1CF41C81   --     1500 7199 7412 frame_1_2 # look L
01F5: 0308D00700164011071182 --     2000 5632 4416 4359 frame_0..2 # Look R, lift up
0200: 030CF401751A401F9D154014401883 --     500 6773 8000 5533 5184 6208 frame_0..4 # down caw
020F:                      -- 
020F:                      --     # Send txt 'caw1', have to load it backwords due to programming language
020F: 04050A317761633535353535 --     0x0A 0x31 0x77 0x61 0x63 serial_send_byte serial_send_byte serial_send_byte serial_send_byte serial_send_byte
021B:                      -- 
021B: 030CDC054619491A0B1B85165B1C83 --     1500 6470 6729 6923 5765 7259 frame_0..4 # close
022A:                      -- 
022A: 030CF401751A401F52134014401883 --     500 6773 8000 4946 5184 6208 frame_0..4 # caw again
0239:                      --     
0239:                      --     # Send txt 'caw2', have to load it backwords due to programming language
0239: 04050A327761633535353535 --     0x0A 0x32 0x77 0x61 0x63 serial_send_byte serial_send_byte serial_send_byte serial_send_byte serial_send_byte
0245:                      -- 
0245: 01F40108             --     500 delay
0249:                      -- 
0249: 030CE80375181012A0138017191C83 --     1000 6261 4624 5024 6016 7193 frame_0..4 # look R,body neutral
0258: 030ADC0565174419A61CD31584 --     1500 5989 6468 7334 5587 frame_0..3 # look L, wing up
0265: 030AC4090016B7141316801784 --     2500 5632 5303 5651 6016 frame_0..3 # body up, wing down
0272:                      -- 
0272: 030CF4017D19401F8D134014401883 --     500 6525 8000 5005 5184 6208 frame_0..4 # caw
0281:                      --     # Send txt 'caw2', have to load it backwords due to programming language
0281: 04050A327761633535353535 --     0x0A 0x32 0x77 0x61 0x63 serial_send_byte serial_send_byte serial_send_byte serial_send_byte serial_send_byte
028D:                      -- 
028D: 030CD007A3179B19441C8017801C83 --     2000 6051 6555 7236 6016 7296 frame_0..4 # close
029C: 06CF01               --   repeat
029F: 05                   --   return

Subroutines:
Hex Decimal Address Name
00  000     0000    FRAME_0..11
01  001     0026    FRAME_1_2
02  002     002E    FRAME_0..2
03  003     0039    FRAME_0..4
04  004     004A    FRAME_0..3
05  005     0058    START_ANI
06  006     0101    START_SIMP
07  007     01CF    ANI_AND_AUDIO_REP
